<?xml version="1.0" encoding="UTF-8"?>
<!-- Generated by org.testng.reporters.JUnitXMLReporter -->
<testsuite hostname="DESKTOP-027NKOQ" ignored="0" name="Test" tests="15" failures="2" timestamp="12 Mar 2020 18:56:38 GMT" time="193.369" errors="0">
  <testcase name="chektitle" time="0.039" classname="com.qa.eprocbilling.test.CustomerPageTest"/>
  <testcase name="customerpageTest" time="2.816" classname="com.qa.eprocbilling.test.AddNewCustomerPageTest"/>
  <testcase name="customerpageTest" time="2.412" classname="com.qa.eprocbilling.test.AddNewCustomerPageTest"/>
  <testcase name="chektitle" time="0.015" classname="com.qa.eprocbilling.test.ItemPageTest"/>
  <testcase name="searchItem" time="0.001" classname="com.qa.eprocbilling.test.ItemPageTest"/>
  <testcase name="ItemDetailTest" time="4.408" classname="com.qa.eprocbilling.test.AddItemPageTest"/>
  <testcase name="logoutTest" time="0.067" classname="com.qa.eprocbilling.test.LogoutPageTest">
    <failure type="java.lang.NullPointerException">
      <![CDATA[java.lang.NullPointerException
	at com.qa.eprocbilling.test.LogoutPageTest.logoutTest(LogoutPageTest.java:36)
... Removed 25 stack frames]]>
    </failure>
  </testcase> <!-- logoutTest -->
  <testcase name="LoginPageTitleTest" time="0.017" classname="com.qa.eprocbilling.test.LoginPageTest"/>
  <testcase name="LogoutPageTitleTest" time="0.001" classname="com.qa.eprocbilling.test.LogoutPageTest">
    <failure type="java.lang.NullPointerException">
      <![CDATA[java.lang.NullPointerException
	at com.qa.eprocbilling.test.LogoutPageTest.LogoutPageTitleTest(LogoutPageTest.java:29)
... Removed 25 stack frames]]>
    </failure>
  </testcase> <!-- LogoutPageTitleTest -->
  <testcase name="menupagetitleTest" time="0.016" classname="com.qa.eprocbilling.test.MainMenuTest"/>
  <testcase name="validatePageTitle" time="0.02" classname="com.qa.eprocbilling.test.HomePageTest"/>
  <testcase name="validateLogo" time="0.093" classname="com.qa.eprocbilling.test.LoginPageTest"/>
  <testcase name="onMainmenupage" time="0.686" classname="com.qa.eprocbilling.test.HomePageTest"/>
  <testcase name="invalidLoginPageTest" time="1.288" classname="com.qa.eprocbilling.test.LoginPageTest"/>
  <testcase name="loginTest" time="2.266" classname="com.qa.eprocbilling.test.LoginPageTest"/>
</testsuite> <!-- Test -->
